/student_backup_system/auto_backup.sh: line 12: ./logs/backup.log: No such file or directory
Checking internet connection...
Internet connection OK.
/student_backup_system/auto_backup.sh: line 12: ./logs/backup.log: No such file or directory
Compressing data...
Backup failed!
/student_backup_system/auto_backup.sh: line 12: ./logs/backup.log: No such file or directory
/student_backup_system/auto_backup.sh: line 12: ./logs/backup.log: No such file or directory
/student_backup_system/auto_backup.sh: line 12: ./logs/backup.log: No such file or directory
Checking internet connection...
Internet connection OK.
/student_backup_system/auto_backup.sh: line 12: ./logs/backup.log: No such file or directory
Compressing data...
Backup failed!
/student_backup_system/auto_backup.sh: line 12: ./logs/backup.log: No such file or directory
/student_backup_system/auto_backup.sh: line 12: ./logs/backup.log: No such file or directory
/student_backup_system/auto_backup.sh: line 12: ./logs/backup.log: No such file or directory
Checking internet connection...
Internet connection OK.
/student_backup_system/auto_backup.sh: line 12: ./logs/backup.log: No such file or directory
Compressing data...
Backup failed!
/student_backup_system/auto_backup.sh: line 12: ./logs/backup.log: No such file or directory
/student_backup_system/auto_backup.sh: line 12: ./logs/backup.log: No such file or directory
/student_backup_system/auto_backup.sh: line 12: ./logs/backup.log: No such file or directory
Checking internet connection...
No internet connection.
/student_backup_system/auto_backup.sh: line 12: ./logs/backup.log: No such file or directory
Compressing data...
Backup failed!
/student_backup_system/auto_backup.sh: line 12: ./logs/backup.log: No such file or directory
/student_backup_system/auto_backup.sh: line 12: ./logs/backup.log: No such file or directory
/student_backup_system/auto_backup.sh: line 12: ./logs/backup.log: No such file or directory
Checking internet connection...
Internet connection OK.
/student_backup_system/auto_backup.sh: line 12: ./logs/backup.log: No such file or directory
Compressing data...
Backup failed!
/student_backup_system/auto_backup.sh: line 12: ./logs/backup.log: No such file or directory
/student_backup_system/auto_backup.sh: line 12: ./logs/backup.log: No such file or directory
/student_backup_system/auto_backup.sh: line 12: ./logs/backup.log: No such file or directory
Checking internet connection...
Internet connection OK.
/student_backup_system/auto_backup.sh: line 12: ./logs/backup.log: No such file or directory
Compressing data...
Backup failed!
/student_backup_system/auto_backup.sh: line 12: ./logs/backup.log: No such file or directory
/student_backup_system/auto_backup.sh: line 12: ./logs/backup.log: No such file or directory
Checking internet connection...
Internet connection OK.
Compressing data...
Backup successful: ./backups/backup_20260525_094501.tar.gz
Cleaning old backups, keeping 5 latest...
Checking internet connection...
Internet connection OK.
Compressing data...
Backup successful: ./backups/backup_20260525_095001.tar.gz
Cleaning old backups, keeping 5 latest...
